The system is: FreeBSD - 13.0-RELEASE-p4 - amd64
Compiling the C compiler identification source file "CMakeCCompilerId.c" succeeded.
Compiler: /usr/bin/cc 
Build flags: 
Id flags:  

The output was:
0


Compilation of the C compiler identification source "CMakeCCompilerId.c" produced "a.out"

The C compiler identification is Clang, found in "/usr/home/joe/coding/DynamickCast/dynamick_cast/out/CMakeFiles/3.20.4/CompilerIdC/a.out"

Compiling the CXX compiler identification source file "CMakeCXXCompilerId.cpp" succeeded.
Compiler: /usr/bin/c++ 
Build flags: 
Id flags:  

The output was:
0


Compilation of the CXX compiler identification source "CMakeCXXCompilerId.cpp" produced "a.out"

The CXX compiler identification is Clang, found in "/usr/home/joe/coding/DynamickCast/dynamick_cast/out/CMakeFiles/3.20.4/CompilerIdCXX/a.out"

Detecting C compiler ABI info compiled with the following output:
Change Dir: /usr/home/joe/coding/DynamickCast/dynamick_cast/out/CMakeFiles/CMakeTmp

Run Build Command(s):/usr/local/bin/gmake -f Makefile cmTC_a7c9d/fast && /usr/local/bin/gmake  -f CMakeFiles/cmTC_a7c9d.dir/build.make CMakeFiles/cmTC_a7c9d.dir/build
gmake[1]: Entering directory '/usr/home/joe/coding/DynamickCast/dynamick_cast/out/CMakeFiles/CMakeTmp'
Building C object CMakeFiles/cmTC_a7c9d.dir/CMakeCCompilerABI.c.o
/usr/bin/cc   -v -MD -MT CMakeFiles/cmTC_a7c9d.dir/CMakeCCompilerABI.c.o -MF CMakeFiles/cmTC_a7c9d.dir/CMakeCCompilerABI.c.o.d -o CMakeFiles/cmTC_a7c9d.dir/CMakeCCompilerABI.c.o -c /usr/local/share/cmake/Modules/CMakeCCompilerABI.c
FreeBSD clang version 11.0.1 (git@github.com:llvm/llvm-project.git llvmorg-11.0.1-0-g43ff75f2c3fe)
Target: x86_64-unknown-freebsd13.0
Thread model: posix
InstalledDir: /usr/bin
 (in-process)
 "/usr/bin/cc" -cc1 -triple x86_64-unknown-freebsd13.0 -emit-obj -mrelax-all -disable-free -disable-llvm-verifier -discard-value-names -main-file-name CMakeCCompilerABI.c -mrelocation-model static -mframe-pointer=all -fno-rounding-math -mconstructor-aliases -munwind-tables -target-cpu x86-64 -fno-split-dwarf-inlining -debugger-tuning=gdb -v -resource-dir /usr/lib/clang/11.0.1 -dependency-file CMakeFiles/cmTC_a7c9d.dir/CMakeCCompilerABI.c.o.d -MT CMakeFiles/cmTC_a7c9d.dir/CMakeCCompilerABI.c.o -sys-header-deps -fdebug-compilation-dir /usr/home/joe/coding/DynamickCast/dynamick_cast/out/CMakeFiles/CMakeTmp -ferror-limit 19 -fgnuc-version=4.2.1 -faddrsig -o CMakeFiles/cmTC_a7c9d.dir/CMakeCCompilerABI.c.o -x c /usr/local/share/cmake/Modules/CMakeCCompilerABI.c
clang -cc1 version 11.0.1 based upon LLVM 11.0.1 default target x86_64-unknown-freebsd13.0
#include "..." search starts here:
#include <...> search starts here:
 /usr/lib/clang/11.0.1/include
 /usr/include
End of search list.
Linking C executable cmTC_a7c9d
/usr/local/bin/cmake -E cmake_link_script CMakeFiles/cmTC_a7c9d.dir/link.txt --verbose=1
/usr/bin/cc  -v CMakeFiles/cmTC_a7c9d.dir/CMakeCCompilerABI.c.o -o cmTC_a7c9d 
FreeBSD clang version 11.0.1 (git@github.com:llvm/llvm-project.git llvmorg-11.0.1-0-g43ff75f2c3fe)
Target: x86_64-unknown-freebsd13.0
Thread model: posix
InstalledDir: /usr/bin
 "/usr/bin/ld" --eh-frame-hdr -dynamic-linker /libexec/ld-elf.so.1 --hash-style=both --enable-new-dtags -o cmTC_a7c9d /usr/lib/crt1.o /usr/lib/crti.o /usr/lib/crtbegin.o -L/usr/lib CMakeFiles/cmTC_a7c9d.dir/CMakeCCompilerABI.c.o -lgcc --as-needed -lgcc_s --no-as-needed -lc -lgcc --as-needed -lgcc_s --no-as-needed /usr/lib/crtend.o /usr/lib/crtn.o
gmake[1]: Leaving directory '/usr/home/joe/coding/DynamickCast/dynamick_cast/out/CMakeFiles/CMakeTmp'



Parsed C implicit include dir info from above output: rv=done
  found start of include info
  found start of implicit include info
    add: [/usr/lib/clang/11.0.1/include]
    add: [/usr/include]
  end of search list found
  collapse include dir [/usr/lib/clang/11.0.1/include] ==> [/usr/lib/clang/11.0.1/include]
  collapse include dir [/usr/include] ==> [/usr/include]
  implicit include dirs: [/usr/lib/clang/11.0.1/include;/usr/include]


Parsed C implicit link information from above output:
  link line regex: [^( *|.*[/\])(ld|CMAKE_LINK_STARTFILE-NOTFOUND|([^/\]+-)?ld|collect2)[^/\]*( |$)]
  ignore line: [Change Dir: /usr/home/joe/coding/DynamickCast/dynamick_cast/out/CMakeFiles/CMakeTmp]
  ignore line: []
  ignore line: [Run Build Command(s):/usr/local/bin/gmake -f Makefile cmTC_a7c9d/fast && /usr/local/bin/gmake  -f CMakeFiles/cmTC_a7c9d.dir/build.make CMakeFiles/cmTC_a7c9d.dir/build]
  ignore line: [gmake[1]: Entering directory '/usr/home/joe/coding/DynamickCast/dynamick_cast/out/CMakeFiles/CMakeTmp']
  ignore line: [Building C object CMakeFiles/cmTC_a7c9d.dir/CMakeCCompilerABI.c.o]
  ignore line: [/usr/bin/cc   -v -MD -MT CMakeFiles/cmTC_a7c9d.dir/CMakeCCompilerABI.c.o -MF CMakeFiles/cmTC_a7c9d.dir/CMakeCCompilerABI.c.o.d -o CMakeFiles/cmTC_a7c9d.dir/CMakeCCompilerABI.c.o -c /usr/local/share/cmake/Modules/CMakeCCompilerABI.c]
  ignore line: [FreeBSD clang version 11.0.1 (git@github.com:llvm/llvm-project.git llvmorg-11.0.1-0-g43ff75f2c3fe)]
  ignore line: [Target: x86_64-unknown-freebsd13.0]
  ignore line: [Thread model: posix]
  ignore line: [InstalledDir: /usr/bin]
  ignore line: [ (in-process)]
  ignore line: [ "/usr/bin/cc" -cc1 -triple x86_64-unknown-freebsd13.0 -emit-obj -mrelax-all -disable-free -disable-llvm-verifier -discard-value-names -main-file-name CMakeCCompilerABI.c -mrelocation-model static -mframe-pointer=all -fno-rounding-math -mconstructor-aliases -munwind-tables -target-cpu x86-64 -fno-split-dwarf-inlining -debugger-tuning=gdb -v -resource-dir /usr/lib/clang/11.0.1 -dependency-file CMakeFiles/cmTC_a7c9d.dir/CMakeCCompilerABI.c.o.d -MT CMakeFiles/cmTC_a7c9d.dir/CMakeCCompilerABI.c.o -sys-header-deps -fdebug-compilation-dir /usr/home/joe/coding/DynamickCast/dynamick_cast/out/CMakeFiles/CMakeTmp -ferror-limit 19 -fgnuc-version=4.2.1 -faddrsig -o CMakeFiles/cmTC_a7c9d.dir/CMakeCCompilerABI.c.o -x c /usr/local/share/cmake/Modules/CMakeCCompilerABI.c]
  ignore line: [clang -cc1 version 11.0.1 based upon LLVM 11.0.1 default target x86_64-unknown-freebsd13.0]
  ignore line: [#include "..." search starts here:]
  ignore line: [#include <...> search starts here:]
  ignore line: [ /usr/lib/clang/11.0.1/include]
  ignore line: [ /usr/include]
  ignore line: [End of search list.]
  ignore line: [Linking C executable cmTC_a7c9d]
  ignore line: [/usr/local/bin/cmake -E cmake_link_script CMakeFiles/cmTC_a7c9d.dir/link.txt --verbose=1]
  ignore line: [/usr/bin/cc  -v CMakeFiles/cmTC_a7c9d.dir/CMakeCCompilerABI.c.o -o cmTC_a7c9d ]
  ignore line: [FreeBSD clang version 11.0.1 (git@github.com:llvm/llvm-project.git llvmorg-11.0.1-0-g43ff75f2c3fe)]
  ignore line: [Target: x86_64-unknown-freebsd13.0]
  ignore line: [Thread model: posix]
  ignore line: [InstalledDir: /usr/bin]
  link line: [ "/usr/bin/ld" --eh-frame-hdr -dynamic-linker /libexec/ld-elf.so.1 --hash-style=both --enable-new-dtags -o cmTC_a7c9d /usr/lib/crt1.o /usr/lib/crti.o /usr/lib/crtbegin.o -L/usr/lib CMakeFiles/cmTC_a7c9d.dir/CMakeCCompilerABI.c.o -lgcc --as-needed -lgcc_s --no-as-needed -lc -lgcc --as-needed -lgcc_s --no-as-needed /usr/lib/crtend.o /usr/lib/crtn.o]
    arg [/usr/bin/ld] ==> ignore
    arg [--eh-frame-hdr] ==> ignore
    arg [-dynamic-linker] ==> ignore
    arg [/libexec/ld-elf.so.1] ==> ignore
    arg [--hash-style=both] ==> ignore
    arg [--enable-new-dtags] ==> ignore
    arg [-o] ==> ignore
    arg [cmTC_a7c9d] ==> ignore
    arg [/usr/lib/crt1.o] ==> obj [/usr/lib/crt1.o]
    arg [/usr/lib/crti.o] ==> obj [/usr/lib/crti.o]
    arg [/usr/lib/crtbegin.o] ==> obj [/usr/lib/crtbegin.o]
    arg [-L/usr/lib] ==> dir [/usr/lib]
    arg [CMakeFiles/cmTC_a7c9d.dir/CMakeCCompilerABI.c.o] ==> ignore
    arg [-lgcc] ==> lib [gcc]
    arg [--as-needed] ==> ignore
    arg [-lgcc_s] ==> lib [gcc_s]
    arg [--no-as-needed] ==> ignore
    arg [-lc] ==> lib [c]
    arg [-lgcc] ==> lib [gcc]
    arg [--as-needed] ==> ignore
    arg [-lgcc_s] ==> lib [gcc_s]
    arg [--no-as-needed] ==> ignore
    arg [/usr/lib/crtend.o] ==> obj [/usr/lib/crtend.o]
    arg [/usr/lib/crtn.o] ==> obj [/usr/lib/crtn.o]
  collapse library dir [/usr/lib] ==> [/usr/lib]
  implicit libs: [gcc;gcc_s;c;gcc;gcc_s]
  implicit objs: [/usr/lib/crt1.o;/usr/lib/crti.o;/usr/lib/crtbegin.o;/usr/lib/crtend.o;/usr/lib/crtn.o]
  implicit dirs: [/usr/lib]
  implicit fwks: []


Detecting CXX compiler ABI info compiled with the following output:
Change Dir: /usr/home/joe/coding/DynamickCast/dynamick_cast/out/CMakeFiles/CMakeTmp

Run Build Command(s):/usr/local/bin/gmake -f Makefile cmTC_05e1b/fast && /usr/local/bin/gmake  -f CMakeFiles/cmTC_05e1b.dir/build.make CMakeFiles/cmTC_05e1b.dir/build
gmake[1]: Entering directory '/usr/home/joe/coding/DynamickCast/dynamick_cast/out/CMakeFiles/CMakeTmp'
Building CXX object CMakeFiles/cmTC_05e1b.dir/CMakeCXXCompilerABI.cpp.o
/usr/bin/c++   -v -MD -MT CMakeFiles/cmTC_05e1b.dir/CMakeCXXCompilerABI.cpp.o -MF CMakeFiles/cmTC_05e1b.dir/CMakeCXXCompilerABI.cpp.o.d -o CMakeFiles/cmTC_05e1b.dir/CMakeCXXCompilerABI.cpp.o -c /usr/local/share/cmake/Modules/CMakeCXXCompilerABI.cpp
FreeBSD clang version 11.0.1 (git@github.com:llvm/llvm-project.git llvmorg-11.0.1-0-g43ff75f2c3fe)
Target: x86_64-unknown-freebsd13.0
Thread model: posix
InstalledDir: /usr/bin
 (in-process)
 "/usr/bin/c++" -cc1 -triple x86_64-unknown-freebsd13.0 -emit-obj -mrelax-all -disable-free -disable-llvm-verifier -discard-value-names -main-file-name CMakeCXXCompilerABI.cpp -mrelocation-model static -mframe-pointer=all -fno-rounding-math -mconstructor-aliases -munwind-tables -target-cpu x86-64 -fno-split-dwarf-inlining -debugger-tuning=gdb -v -resource-dir /usr/lib/clang/11.0.1 -dependency-file CMakeFiles/cmTC_05e1b.dir/CMakeCXXCompilerABI.cpp.o.d -MT CMakeFiles/cmTC_05e1b.dir/CMakeCXXCompilerABI.cpp.o -sys-header-deps -internal-isystem /usr/include/c++/v1 -fdeprecated-macro -fdebug-compilation-dir /usr/home/joe/coding/DynamickCast/dynamick_cast/out/CMakeFiles/CMakeTmp -ferror-limit 19 -fgnuc-version=4.2.1 -fcxx-exceptions -fexceptions -faddrsig -o CMakeFiles/cmTC_05e1b.dir/CMakeCXXCompilerABI.cpp.o -x c++ /usr/local/share/cmake/Modules/CMakeCXXCompilerABI.cpp
clang -cc1 version 11.0.1 based upon LLVM 11.0.1 default target x86_64-unknown-freebsd13.0
#include "..." search starts here:
#include <...> search starts here:
 /usr/include/c++/v1
 /usr/lib/clang/11.0.1/include
 /usr/include
End of search list.
Linking CXX executable cmTC_05e1b
/usr/local/bin/cmake -E cmake_link_script CMakeFiles/cmTC_05e1b.dir/link.txt --verbose=1
/usr/bin/c++  -v CMakeFiles/cmTC_05e1b.dir/CMakeCXXCompilerABI.cpp.o -o cmTC_05e1b 
FreeBSD clang version 11.0.1 (git@github.com:llvm/llvm-project.git llvmorg-11.0.1-0-g43ff75f2c3fe)
Target: x86_64-unknown-freebsd13.0
Thread model: posix
InstalledDir: /usr/bin
 "/usr/bin/ld" --eh-frame-hdr -dynamic-linker /libexec/ld-elf.so.1 --hash-style=both --enable-new-dtags -o cmTC_05e1b /usr/lib/crt1.o /usr/lib/crti.o /usr/lib/crtbegin.o -L/usr/lib CMakeFiles/cmTC_05e1b.dir/CMakeCXXCompilerABI.cpp.o -lc++ -lm -lgcc --as-needed -lgcc_s --no-as-needed -lc -lgcc --as-needed -lgcc_s --no-as-needed /usr/lib/crtend.o /usr/lib/crtn.o
gmake[1]: Leaving directory '/usr/home/joe/coding/DynamickCast/dynamick_cast/out/CMakeFiles/CMakeTmp'



Parsed CXX implicit include dir info from above output: rv=done
  found start of include info
  found start of implicit include info
    add: [/usr/include/c++/v1]
    add: [/usr/lib/clang/11.0.1/include]
    add: [/usr/include]
  end of search list found
  collapse include dir [/usr/include/c++/v1] ==> [/usr/include/c++/v1]
  collapse include dir [/usr/lib/clang/11.0.1/include] ==> [/usr/lib/clang/11.0.1/include]
  collapse include dir [/usr/include] ==> [/usr/include]
  implicit include dirs: [/usr/include/c++/v1;/usr/lib/clang/11.0.1/include;/usr/include]


Parsed CXX implicit link information from above output:
  link line regex: [^( *|.*[/\])(ld|CMAKE_LINK_STARTFILE-NOTFOUND|([^/\]+-)?ld|collect2)[^/\]*( |$)]
  ignore line: [Change Dir: /usr/home/joe/coding/DynamickCast/dynamick_cast/out/CMakeFiles/CMakeTmp]
  ignore line: []
  ignore line: [Run Build Command(s):/usr/local/bin/gmake -f Makefile cmTC_05e1b/fast && /usr/local/bin/gmake  -f CMakeFiles/cmTC_05e1b.dir/build.make CMakeFiles/cmTC_05e1b.dir/build]
  ignore line: [gmake[1]: Entering directory '/usr/home/joe/coding/DynamickCast/dynamick_cast/out/CMakeFiles/CMakeTmp']
  ignore line: [Building CXX object CMakeFiles/cmTC_05e1b.dir/CMakeCXXCompilerABI.cpp.o]
  ignore line: [/usr/bin/c++   -v -MD -MT CMakeFiles/cmTC_05e1b.dir/CMakeCXXCompilerABI.cpp.o -MF CMakeFiles/cmTC_05e1b.dir/CMakeCXXCompilerABI.cpp.o.d -o CMakeFiles/cmTC_05e1b.dir/CMakeCXXCompilerABI.cpp.o -c /usr/local/share/cmake/Modules/CMakeCXXCompilerABI.cpp]
  ignore line: [FreeBSD clang version 11.0.1 (git@github.com:llvm/llvm-project.git llvmorg-11.0.1-0-g43ff75f2c3fe)]
  ignore line: [Target: x86_64-unknown-freebsd13.0]
  ignore line: [Thread model: posix]
  ignore line: [InstalledDir: /usr/bin]
  ignore line: [ (in-process)]
  ignore line: [ "/usr/bin/c++" -cc1 -triple x86_64-unknown-freebsd13.0 -emit-obj -mrelax-all -disable-free -disable-llvm-verifier -discard-value-names -main-file-name CMakeCXXCompilerABI.cpp -mrelocation-model static -mframe-pointer=all -fno-rounding-math -mconstructor-aliases -munwind-tables -target-cpu x86-64 -fno-split-dwarf-inlining -debugger-tuning=gdb -v -resource-dir /usr/lib/clang/11.0.1 -dependency-file CMakeFiles/cmTC_05e1b.dir/CMakeCXXCompilerABI.cpp.o.d -MT CMakeFiles/cmTC_05e1b.dir/CMakeCXXCompilerABI.cpp.o -sys-header-deps -internal-isystem /usr/include/c++/v1 -fdeprecated-macro -fdebug-compilation-dir /usr/home/joe/coding/DynamickCast/dynamick_cast/out/CMakeFiles/CMakeTmp -ferror-limit 19 -fgnuc-version=4.2.1 -fcxx-exceptions -fexceptions -faddrsig -o CMakeFiles/cmTC_05e1b.dir/CMakeCXXCompilerABI.cpp.o -x c++ /usr/local/share/cmake/Modules/CMakeCXXCompilerABI.cpp]
  ignore line: [clang -cc1 version 11.0.1 based upon LLVM 11.0.1 default target x86_64-unknown-freebsd13.0]
  ignore line: [#include "..." search starts here:]
  ignore line: [#include <...> search starts here:]
  ignore line: [ /usr/include/c++/v1]
  ignore line: [ /usr/lib/clang/11.0.1/include]
  ignore line: [ /usr/include]
  ignore line: [End of search list.]
  ignore line: [Linking CXX executable cmTC_05e1b]
  ignore line: [/usr/local/bin/cmake -E cmake_link_script CMakeFiles/cmTC_05e1b.dir/link.txt --verbose=1]
  ignore line: [/usr/bin/c++  -v CMakeFiles/cmTC_05e1b.dir/CMakeCXXCompilerABI.cpp.o -o cmTC_05e1b ]
  ignore line: [FreeBSD clang version 11.0.1 (git@github.com:llvm/llvm-project.git llvmorg-11.0.1-0-g43ff75f2c3fe)]
  ignore line: [Target: x86_64-unknown-freebsd13.0]
  ignore line: [Thread model: posix]
  ignore line: [InstalledDir: /usr/bin]
  link line: [ "/usr/bin/ld" --eh-frame-hdr -dynamic-linker /libexec/ld-elf.so.1 --hash-style=both --enable-new-dtags -o cmTC_05e1b /usr/lib/crt1.o /usr/lib/crti.o /usr/lib/crtbegin.o -L/usr/lib CMakeFiles/cmTC_05e1b.dir/CMakeCXXCompilerABI.cpp.o -lc++ -lm -lgcc --as-needed -lgcc_s --no-as-needed -lc -lgcc --as-needed -lgcc_s --no-as-needed /usr/lib/crtend.o /usr/lib/crtn.o]
    arg [/usr/bin/ld] ==> ignore
    arg [--eh-frame-hdr] ==> ignore
    arg [-dynamic-linker] ==> ignore
    arg [/libexec/ld-elf.so.1] ==> ignore
    arg [--hash-style=both] ==> ignore
    arg [--enable-new-dtags] ==> ignore
    arg [-o] ==> ignore
    arg [cmTC_05e1b] ==> ignore
    arg [/usr/lib/crt1.o] ==> obj [/usr/lib/crt1.o]
    arg [/usr/lib/crti.o] ==> obj [/usr/lib/crti.o]
    arg [/usr/lib/crtbegin.o] ==> obj [/usr/lib/crtbegin.o]
    arg [-L/usr/lib] ==> dir [/usr/lib]
    arg [CMakeFiles/cmTC_05e1b.dir/CMakeCXXCompilerABI.cpp.o] ==> ignore
    arg [-lc++] ==> lib [c++]
    arg [-lm] ==> lib [m]
    arg [-lgcc] ==> lib [gcc]
    arg [--as-needed] ==> ignore
    arg [-lgcc_s] ==> lib [gcc_s]
    arg [--no-as-needed] ==> ignore
    arg [-lc] ==> lib [c]
    arg [-lgcc] ==> lib [gcc]
    arg [--as-needed] ==> ignore
    arg [-lgcc_s] ==> lib [gcc_s]
    arg [--no-as-needed] ==> ignore
    arg [/usr/lib/crtend.o] ==> obj [/usr/lib/crtend.o]
    arg [/usr/lib/crtn.o] ==> obj [/usr/lib/crtn.o]
  collapse library dir [/usr/lib] ==> [/usr/lib]
  implicit libs: [c++;m;gcc;gcc_s;c;gcc;gcc_s]
  implicit objs: [/usr/lib/crt1.o;/usr/lib/crti.o;/usr/lib/crtbegin.o;/usr/lib/crtend.o;/usr/lib/crtn.o]
  implicit dirs: [/usr/lib]
  implicit fwks: []


Determining if the include file pthread.h exists passed with the following output:
Change Dir: /usr/home/joe/coding/DynamickCast/dynamick_cast/out/CMakeFiles/CMakeTmp

Run Build Command(s):/usr/local/bin/gmake -f Makefile cmTC_e3dec/fast && /usr/local/bin/gmake  -f CMakeFiles/cmTC_e3dec.dir/build.make CMakeFiles/cmTC_e3dec.dir/build
gmake[1]: Entering directory '/usr/home/joe/coding/DynamickCast/dynamick_cast/out/CMakeFiles/CMakeTmp'
Building C object CMakeFiles/cmTC_e3dec.dir/CheckIncludeFile.c.o
/usr/bin/cc    -MD -MT CMakeFiles/cmTC_e3dec.dir/CheckIncludeFile.c.o -MF CMakeFiles/cmTC_e3dec.dir/CheckIncludeFile.c.o.d -o CMakeFiles/cmTC_e3dec.dir/CheckIncludeFile.c.o -c /usr/home/joe/coding/DynamickCast/dynamick_cast/out/CMakeFiles/CMakeTmp/CheckIncludeFile.c
Linking C executable cmTC_e3dec
/usr/local/bin/cmake -E cmake_link_script CMakeFiles/cmTC_e3dec.dir/link.txt --verbose=1
/usr/bin/cc CMakeFiles/cmTC_e3dec.dir/CheckIncludeFile.c.o -o cmTC_e3dec 
gmake[1]: Leaving directory '/usr/home/joe/coding/DynamickCast/dynamick_cast/out/CMakeFiles/CMakeTmp'



Determining if the function pthread_create exists in the pthread passed with the following output:
Change Dir: /usr/home/joe/coding/DynamickCast/dynamick_cast/out/CMakeFiles/CMakeTmp

Run Build Command(s):/usr/local/bin/gmake -f Makefile cmTC_d2ab2/fast && /usr/local/bin/gmake  -f CMakeFiles/cmTC_d2ab2.dir/build.make CMakeFiles/cmTC_d2ab2.dir/build
gmake[1]: Entering directory '/usr/home/joe/coding/DynamickCast/dynamick_cast/out/CMakeFiles/CMakeTmp'
Building C object CMakeFiles/cmTC_d2ab2.dir/CheckFunctionExists.c.o
/usr/bin/cc   -DCHECK_FUNCTION_EXISTS=pthread_create -MD -MT CMakeFiles/cmTC_d2ab2.dir/CheckFunctionExists.c.o -MF CMakeFiles/cmTC_d2ab2.dir/CheckFunctionExists.c.o.d -o CMakeFiles/cmTC_d2ab2.dir/CheckFunctionExists.c.o -c /usr/local/share/cmake/Modules/CheckFunctionExists.c
Linking C executable cmTC_d2ab2
/usr/local/bin/cmake -E cmake_link_script CMakeFiles/cmTC_d2ab2.dir/link.txt --verbose=1
/usr/bin/cc  -DCHECK_FUNCTION_EXISTS=pthread_create CMakeFiles/cmTC_d2ab2.dir/CheckFunctionExists.c.o -o cmTC_d2ab2  -lpthread 
gmake[1]: Leaving directory '/usr/home/joe/coding/DynamickCast/dynamick_cast/out/CMakeFiles/CMakeTmp'



