The system is: FreeBSD - 13.0-RELEASE-p4 - amd64
Compiling the C compiler identification source file "CMakeCCompilerId.c" succeeded.
Compiler: /usr/bin/clang-13 
Build flags: 
Id flags:  

The output was:
0


Compilation of the C compiler identification source "CMakeCCompilerId.c" produced "a.out"

The C compiler identification is Clang, found in "/home/joe/coding/DynamickCast/dynamick_cast/build/CMakeFiles/3.20.4/CompilerIdC/a.out"

Compiling the CXX compiler identification source file "CMakeCXXCompilerId.cpp" succeeded.
Compiler: /usr/bin/c++ 
Build flags: 
Id flags:  

The output was:
0


Compilation of the CXX compiler identification source "CMakeCXXCompilerId.cpp" produced "a.out"

The CXX compiler identification is Clang, found in "/home/joe/coding/DynamickCast/dynamick_cast/build/CMakeFiles/3.20.4/CompilerIdCXX/a.out"

Detecting C compiler ABI info compiled with the following output:
Change Dir: /home/joe/coding/DynamickCast/dynamick_cast/build/CMakeFiles/CMakeTmp

Run Build Command(s):/usr/local/bin/ninja cmTC_b98ef && [1/2] Building C object CMakeFiles/cmTC_b98ef.dir/CMakeCCompilerABI.c.o
clang version 13.0.0 (https://github.com/llvm/llvm-project.git 3c5721d77275d2a7bdaeeadd0b1c3864f1166110)
Target: x86_64-unknown-freebsd12.2
Thread model: posix
InstalledDir: /usr/bin
 (in-process)
 "/usr/bin/clang-13" -cc1 -triple x86_64-unknown-freebsd12.2 -emit-obj -mrelax-all --mrelax-relocations -disable-free -disable-llvm-verifier -discard-value-names -main-file-name CMakeCCompilerABI.c -mrelocation-model static -mframe-pointer=all -fno-rounding-math -mconstructor-aliases -munwind-tables -target-cpu x86-64 -tune-cpu generic -debugger-tuning=gdb -v -fcoverage-compilation-dir=/usr/home/joe/coding/DynamickCast/dynamick_cast/build/CMakeFiles/CMakeTmp -resource-dir /usr/lib/clang/13.0.0 -dependency-file CMakeFiles/cmTC_b98ef.dir/CMakeCCompilerABI.c.o.d -MT CMakeFiles/cmTC_b98ef.dir/CMakeCCompilerABI.c.o -sys-header-deps -fdebug-compilation-dir=/usr/home/joe/coding/DynamickCast/dynamick_cast/build/CMakeFiles/CMakeTmp -ferror-limit 19 -fgnuc-version=4.2.1 -faddrsig -D__GCC_HAVE_DWARF2_CFI_ASM=1 -o CMakeFiles/cmTC_b98ef.dir/CMakeCCompilerABI.c.o -x c /usr/local/share/cmake/Modules/CMakeCCompilerABI.c
clang -cc1 version 13.0.0 based upon LLVM 13.0.0git default target x86_64-unknown-freebsd12.2
#include "..." search starts here:
#include <...> search starts here:
 /usr/lib/clang/13.0.0/include
 /usr/include
End of search list.
[2/2] Linking C executable cmTC_b98ef
clang version 13.0.0 (https://github.com/llvm/llvm-project.git 3c5721d77275d2a7bdaeeadd0b1c3864f1166110)
Target: x86_64-unknown-freebsd12.2
Thread model: posix
InstalledDir: /usr/bin
 "/usr/bin/ld" --eh-frame-hdr -dynamic-linker /libexec/ld-elf.so.1 --hash-style=both --enable-new-dtags -o cmTC_b98ef /usr/lib/crt1.o /usr/lib/crti.o /usr/lib/crtbegin.o -L/usr/lib CMakeFiles/cmTC_b98ef.dir/CMakeCCompilerABI.c.o -lgcc --as-needed -lgcc_s --no-as-needed -lc -lgcc --as-needed -lgcc_s --no-as-needed /usr/lib/crtend.o /usr/lib/crtn.o



Parsed C implicit include dir info from above output: rv=done
  found start of include info
  found start of implicit include info
    add: [/usr/lib/clang/13.0.0/include]
    add: [/usr/include]
  end of search list found
  collapse include dir [/usr/lib/clang/13.0.0/include] ==> [/usr/lib/clang/13.0.0/include]
  collapse include dir [/usr/include] ==> [/usr/include]
  implicit include dirs: [/usr/lib/clang/13.0.0/include;/usr/include]


Parsed C implicit link information from above output:
  link line regex: [^( *|.*[/\])(ld|CMAKE_LINK_STARTFILE-NOTFOUND|([^/\]+-)?ld|collect2)[^/\]*( |$)]
  ignore line: [Change Dir: /home/joe/coding/DynamickCast/dynamick_cast/build/CMakeFiles/CMakeTmp]
  ignore line: []
  ignore line: [Run Build Command(s):/usr/local/bin/ninja cmTC_b98ef && [1/2] Building C object CMakeFiles/cmTC_b98ef.dir/CMakeCCompilerABI.c.o]
  ignore line: [clang version 13.0.0 (https://github.com/llvm/llvm-project.git 3c5721d77275d2a7bdaeeadd0b1c3864f1166110)]
  ignore line: [Target: x86_64-unknown-freebsd12.2]
  ignore line: [Thread model: posix]
  ignore line: [InstalledDir: /usr/bin]
  ignore line: [ (in-process)]
  ignore line: [ "/usr/bin/clang-13" -cc1 -triple x86_64-unknown-freebsd12.2 -emit-obj -mrelax-all --mrelax-relocations -disable-free -disable-llvm-verifier -discard-value-names -main-file-name CMakeCCompilerABI.c -mrelocation-model static -mframe-pointer=all -fno-rounding-math -mconstructor-aliases -munwind-tables -target-cpu x86-64 -tune-cpu generic -debugger-tuning=gdb -v -fcoverage-compilation-dir=/usr/home/joe/coding/DynamickCast/dynamick_cast/build/CMakeFiles/CMakeTmp -resource-dir /usr/lib/clang/13.0.0 -dependency-file CMakeFiles/cmTC_b98ef.dir/CMakeCCompilerABI.c.o.d -MT CMakeFiles/cmTC_b98ef.dir/CMakeCCompilerABI.c.o -sys-header-deps -fdebug-compilation-dir=/usr/home/joe/coding/DynamickCast/dynamick_cast/build/CMakeFiles/CMakeTmp -ferror-limit 19 -fgnuc-version=4.2.1 -faddrsig -D__GCC_HAVE_DWARF2_CFI_ASM=1 -o CMakeFiles/cmTC_b98ef.dir/CMakeCCompilerABI.c.o -x c /usr/local/share/cmake/Modules/CMakeCCompilerABI.c]
  ignore line: [clang -cc1 version 13.0.0 based upon LLVM 13.0.0git default target x86_64-unknown-freebsd12.2]
  ignore line: [#include "..." search starts here:]
  ignore line: [#include <...> search starts here:]
  ignore line: [ /usr/lib/clang/13.0.0/include]
  ignore line: [ /usr/include]
  ignore line: [End of search list.]
  ignore line: [[2/2] Linking C executable cmTC_b98ef]
  ignore line: [clang version 13.0.0 (https://github.com/llvm/llvm-project.git 3c5721d77275d2a7bdaeeadd0b1c3864f1166110)]
  ignore line: [Target: x86_64-unknown-freebsd12.2]
  ignore line: [Thread model: posix]
  ignore line: [InstalledDir: /usr/bin]
  link line: [ "/usr/bin/ld" --eh-frame-hdr -dynamic-linker /libexec/ld-elf.so.1 --hash-style=both --enable-new-dtags -o cmTC_b98ef /usr/lib/crt1.o /usr/lib/crti.o /usr/lib/crtbegin.o -L/usr/lib CMakeFiles/cmTC_b98ef.dir/CMakeCCompilerABI.c.o -lgcc --as-needed -lgcc_s --no-as-needed -lc -lgcc --as-needed -lgcc_s --no-as-needed /usr/lib/crtend.o /usr/lib/crtn.o]
    arg [/usr/bin/ld] ==> ignore
    arg [--eh-frame-hdr] ==> ignore
    arg [-dynamic-linker] ==> ignore
    arg [/libexec/ld-elf.so.1] ==> ignore
    arg [--hash-style=both] ==> ignore
    arg [--enable-new-dtags] ==> ignore
    arg [-o] ==> ignore
    arg [cmTC_b98ef] ==> ignore
    arg [/usr/lib/crt1.o] ==> obj [/usr/lib/crt1.o]
    arg [/usr/lib/crti.o] ==> obj [/usr/lib/crti.o]
    arg [/usr/lib/crtbegin.o] ==> obj [/usr/lib/crtbegin.o]
    arg [-L/usr/lib] ==> dir [/usr/lib]
    arg [CMakeFiles/cmTC_b98ef.dir/CMakeCCompilerABI.c.o] ==> ignore
    arg [-lgcc] ==> lib [gcc]
    arg [--as-needed] ==> ignore
    arg [-lgcc_s] ==> lib [gcc_s]
    arg [--no-as-needed] ==> ignore
    arg [-lc] ==> lib [c]
    arg [-lgcc] ==> lib [gcc]
    arg [--as-needed] ==> ignore
    arg [-lgcc_s] ==> lib [gcc_s]
    arg [--no-as-needed] ==> ignore
    arg [/usr/lib/crtend.o] ==> obj [/usr/lib/crtend.o]
    arg [/usr/lib/crtn.o] ==> obj [/usr/lib/crtn.o]
  collapse library dir [/usr/lib] ==> [/usr/lib]
  implicit libs: [gcc;gcc_s;c;gcc;gcc_s]
  implicit objs: [/usr/lib/crt1.o;/usr/lib/crti.o;/usr/lib/crtbegin.o;/usr/lib/crtend.o;/usr/lib/crtn.o]
  implicit dirs: [/usr/lib]
  implicit fwks: []


Detecting CXX compiler ABI info compiled with the following output:
Change Dir: /home/joe/coding/DynamickCast/dynamick_cast/build/CMakeFiles/CMakeTmp

Run Build Command(s):/usr/local/bin/ninja cmTC_70ef2 && [1/2] Building CXX object CMakeFiles/cmTC_70ef2.dir/CMakeCXXCompilerABI.cpp.o
FreeBSD clang version 11.0.1 (git@github.com:llvm/llvm-project.git llvmorg-11.0.1-0-g43ff75f2c3fe)
Target: x86_64-unknown-freebsd13.0
Thread model: posix
InstalledDir: /usr/bin
 (in-process)
 "/usr/bin/c++" -cc1 -triple x86_64-unknown-freebsd13.0 -emit-obj -mrelax-all -disable-free -disable-llvm-verifier -discard-value-names -main-file-name CMakeCXXCompilerABI.cpp -mrelocation-model static -mframe-pointer=all -fno-rounding-math -mconstructor-aliases -munwind-tables -target-cpu x86-64 -fno-split-dwarf-inlining -debugger-tuning=gdb -v -resource-dir /usr/lib/clang/11.0.1 -dependency-file CMakeFiles/cmTC_70ef2.dir/CMakeCXXCompilerABI.cpp.o.d -MT CMakeFiles/cmTC_70ef2.dir/CMakeCXXCompilerABI.cpp.o -sys-header-deps -internal-isystem /usr/include/c++/v1 -fdeprecated-macro -fdebug-compilation-dir /usr/home/joe/coding/DynamickCast/dynamick_cast/build/CMakeFiles/CMakeTmp -ferror-limit 19 -fgnuc-version=4.2.1 -fcxx-exceptions -fexceptions -faddrsig -o CMakeFiles/cmTC_70ef2.dir/CMakeCXXCompilerABI.cpp.o -x c++ /usr/local/share/cmake/Modules/CMakeCXXCompilerABI.cpp
clang -cc1 version 11.0.1 based upon LLVM 11.0.1 default target x86_64-unknown-freebsd13.0
#include "..." search starts here:
#include <...> search starts here:
 /usr/include/c++/v1
 /usr/lib/clang/11.0.1/include
 /usr/include
End of search list.
[2/2] Linking CXX executable cmTC_70ef2
FreeBSD clang version 11.0.1 (git@github.com:llvm/llvm-project.git llvmorg-11.0.1-0-g43ff75f2c3fe)
Target: x86_64-unknown-freebsd13.0
Thread model: posix
InstalledDir: /usr/bin
 "/usr/bin/ld" --eh-frame-hdr -dynamic-linker /libexec/ld-elf.so.1 --hash-style=both --enable-new-dtags -o cmTC_70ef2 /usr/lib/crt1.o /usr/lib/crti.o /usr/lib/crtbegin.o -L/usr/lib CMakeFiles/cmTC_70ef2.dir/CMakeCXXCompilerABI.cpp.o -lc++ -lm -lgcc --as-needed -lgcc_s --no-as-needed -lc -lgcc --as-needed -lgcc_s --no-as-needed /usr/lib/crtend.o /usr/lib/crtn.o



Parsed CXX implicit include dir info from above output: rv=done
  found start of include info
  found start of implicit include info
    add: [/usr/include/c++/v1]
    add: [/usr/lib/clang/11.0.1/include]
    add: [/usr/include]
  end of search list found
  collapse include dir [/usr/include/c++/v1] ==> [/usr/include/c++/v1]
  collapse include dir [/usr/lib/clang/11.0.1/include] ==> [/usr/lib/clang/11.0.1/include]
  collapse include dir [/usr/include] ==> [/usr/include]
  implicit include dirs: [/usr/include/c++/v1;/usr/lib/clang/11.0.1/include;/usr/include]


Parsed CXX implicit link information from above output:
  link line regex: [^( *|.*[/\])(ld|CMAKE_LINK_STARTFILE-NOTFOUND|([^/\]+-)?ld|collect2)[^/\]*( |$)]
  ignore line: [Change Dir: /home/joe/coding/DynamickCast/dynamick_cast/build/CMakeFiles/CMakeTmp]
  ignore line: []
  ignore line: [Run Build Command(s):/usr/local/bin/ninja cmTC_70ef2 && [1/2] Building CXX object CMakeFiles/cmTC_70ef2.dir/CMakeCXXCompilerABI.cpp.o]
  ignore line: [FreeBSD clang version 11.0.1 (git@github.com:llvm/llvm-project.git llvmorg-11.0.1-0-g43ff75f2c3fe)]
  ignore line: [Target: x86_64-unknown-freebsd13.0]
  ignore line: [Thread model: posix]
  ignore line: [InstalledDir: /usr/bin]
  ignore line: [ (in-process)]
  ignore line: [ "/usr/bin/c++" -cc1 -triple x86_64-unknown-freebsd13.0 -emit-obj -mrelax-all -disable-free -disable-llvm-verifier -discard-value-names -main-file-name CMakeCXXCompilerABI.cpp -mrelocation-model static -mframe-pointer=all -fno-rounding-math -mconstructor-aliases -munwind-tables -target-cpu x86-64 -fno-split-dwarf-inlining -debugger-tuning=gdb -v -resource-dir /usr/lib/clang/11.0.1 -dependency-file CMakeFiles/cmTC_70ef2.dir/CMakeCXXCompilerABI.cpp.o.d -MT CMakeFiles/cmTC_70ef2.dir/CMakeCXXCompilerABI.cpp.o -sys-header-deps -internal-isystem /usr/include/c++/v1 -fdeprecated-macro -fdebug-compilation-dir /usr/home/joe/coding/DynamickCast/dynamick_cast/build/CMakeFiles/CMakeTmp -ferror-limit 19 -fgnuc-version=4.2.1 -fcxx-exceptions -fexceptions -faddrsig -o CMakeFiles/cmTC_70ef2.dir/CMakeCXXCompilerABI.cpp.o -x c++ /usr/local/share/cmake/Modules/CMakeCXXCompilerABI.cpp]
  ignore line: [clang -cc1 version 11.0.1 based upon LLVM 11.0.1 default target x86_64-unknown-freebsd13.0]
  ignore line: [#include "..." search starts here:]
  ignore line: [#include <...> search starts here:]
  ignore line: [ /usr/include/c++/v1]
  ignore line: [ /usr/lib/clang/11.0.1/include]
  ignore line: [ /usr/include]
  ignore line: [End of search list.]
  ignore line: [[2/2] Linking CXX executable cmTC_70ef2]
  ignore line: [FreeBSD clang version 11.0.1 (git@github.com:llvm/llvm-project.git llvmorg-11.0.1-0-g43ff75f2c3fe)]
  ignore line: [Target: x86_64-unknown-freebsd13.0]
  ignore line: [Thread model: posix]
  ignore line: [InstalledDir: /usr/bin]
  link line: [ "/usr/bin/ld" --eh-frame-hdr -dynamic-linker /libexec/ld-elf.so.1 --hash-style=both --enable-new-dtags -o cmTC_70ef2 /usr/lib/crt1.o /usr/lib/crti.o /usr/lib/crtbegin.o -L/usr/lib CMakeFiles/cmTC_70ef2.dir/CMakeCXXCompilerABI.cpp.o -lc++ -lm -lgcc --as-needed -lgcc_s --no-as-needed -lc -lgcc --as-needed -lgcc_s --no-as-needed /usr/lib/crtend.o /usr/lib/crtn.o]
    arg [/usr/bin/ld] ==> ignore
    arg [--eh-frame-hdr] ==> ignore
    arg [-dynamic-linker] ==> ignore
    arg [/libexec/ld-elf.so.1] ==> ignore
    arg [--hash-style=both] ==> ignore
    arg [--enable-new-dtags] ==> ignore
    arg [-o] ==> ignore
    arg [cmTC_70ef2] ==> ignore
    arg [/usr/lib/crt1.o] ==> obj [/usr/lib/crt1.o]
    arg [/usr/lib/crti.o] ==> obj [/usr/lib/crti.o]
    arg [/usr/lib/crtbegin.o] ==> obj [/usr/lib/crtbegin.o]
    arg [-L/usr/lib] ==> dir [/usr/lib]
    arg [CMakeFiles/cmTC_70ef2.dir/CMakeCXXCompilerABI.cpp.o] ==> ignore
    arg [-lc++] ==> lib [c++]
    arg [-lm] ==> lib [m]
    arg [-lgcc] ==> lib [gcc]
    arg [--as-needed] ==> ignore
    arg [-lgcc_s] ==> lib [gcc_s]
    arg [--no-as-needed] ==> ignore
    arg [-lc] ==> lib [c]
    arg [-lgcc] ==> lib [gcc]
    arg [--as-needed] ==> ignore
    arg [-lgcc_s] ==> lib [gcc_s]
    arg [--no-as-needed] ==> ignore
    arg [/usr/lib/crtend.o] ==> obj [/usr/lib/crtend.o]
    arg [/usr/lib/crtn.o] ==> obj [/usr/lib/crtn.o]
  collapse library dir [/usr/lib] ==> [/usr/lib]
  implicit libs: [c++;m;gcc;gcc_s;c;gcc;gcc_s]
  implicit objs: [/usr/lib/crt1.o;/usr/lib/crti.o;/usr/lib/crtbegin.o;/usr/lib/crtend.o;/usr/lib/crtn.o]
  implicit dirs: [/usr/lib]
  implicit fwks: []


Determining if the include file pthread.h exists passed with the following output:
Change Dir: /home/joe/coding/DynamickCast/dynamick_cast/build/CMakeFiles/CMakeTmp

Run Build Command(s):/usr/local/bin/ninja cmTC_7c2fe && [1/2] Building C object CMakeFiles/cmTC_7c2fe.dir/CheckIncludeFile.c.o
[2/2] Linking C executable cmTC_7c2fe



Determining if the function pthread_create exists in the pthread passed with the following output:
Change Dir: /home/joe/coding/DynamickCast/dynamick_cast/build/CMakeFiles/CMakeTmp

Run Build Command(s):/usr/local/bin/ninja cmTC_91ea8 && [1/2] Building C object CMakeFiles/cmTC_91ea8.dir/CheckFunctionExists.c.o
[2/2] Linking C executable cmTC_91ea8



