Performing C SOURCE FILE Test CMAKE_HAVE_LIBC_PTHREAD failed with the following output:
Change Dir: /home/joe/coding/DynamickCast/dynamick_cast/build/CMakeFiles/CMakeTmp

Run Build Command(s):/usr/local/bin/ninja cmTC_722dd && [1/2] Building C object CMakeFiles/cmTC_722dd.dir/src.c.o
[2/2] Linking C executable cmTC_722dd
FAILED: cmTC_722dd 
: && /usr/bin/clang-13   CMakeFiles/cmTC_722dd.dir/src.c.o -o cmTC_722dd   && :
ld: error: undefined symbol: pthread_create
>>> referenced by src.c
>>>               CMakeFiles/cmTC_722dd.dir/src.c.o:(main)
clang-13: error: linker command failed with exit code 1 (use -v to see invocation)
ninja: build stopped: subcommand failed.


Source file was:
#include <pthread.h>

static void* test_func(void* data)
{
  return data;
}

int main(void)
{
  pthread_t thread;
  pthread_create(&thread, NULL, test_func, NULL);
  pthread_detach(thread);
  pthread_cancel(thread);
  pthread_join(thread, NULL);
  pthread_atfork(NULL, NULL, NULL);
  pthread_exit(NULL);

  return 0;
}

Determining if the function pthread_create exists in the pthreads failed with the following output:
Change Dir: /home/joe/coding/DynamickCast/dynamick_cast/build/CMakeFiles/CMakeTmp

Run Build Command(s):/usr/local/bin/ninja cmTC_c5108 && [1/2] Building C object CMakeFiles/cmTC_c5108.dir/CheckFunctionExists.c.o
[2/2] Linking C executable cmTC_c5108
FAILED: cmTC_c5108 
: && /usr/bin/clang-13 -DCHECK_FUNCTION_EXISTS=pthread_create  CMakeFiles/cmTC_c5108.dir/CheckFunctionExists.c.o -o cmTC_c5108  -lpthreads && :
ld: error: unable to find library -lpthreads
clang-13: error: linker command failed with exit code 1 (use -v to see invocation)
ninja: build stopped: subcommand failed.



